<?xml version="1.0" encoding="UTF-8"?>
<testng-results ignored="0" total="1" passed="1" failed="0" skipped="0">
  <reporter-output>
  </reporter-output>
  <suite started-at="2023-09-24T20:37:31 IST" name="Default suite" finished-at="2023-09-24T20:37:31 IST" duration-ms="57">
    <groups>
    </groups>
    <test started-at="2023-09-24T20:37:31 IST" name="Default test" finished-at="2023-09-24T20:37:31 IST" duration-ms="57">
      <class name="leetCode_Practice.NthArithmeticProgram">
        <test-method signature="testData()[pri:0, instance:leetCode_Practice.NthArithmeticProgram@3c19aaa5]" started-at="2023-09-24T20:37:31 IST" name="testData" finished-at="2023-09-24T20:37:31 IST" duration-ms="13" status="PASS">
          <reporter-output>
          </reporter-output>
        </test-method> <!-- testData -->
      </class> <!-- leetCode_Practice.NthArithmeticProgram -->
    </test> <!-- Default test -->
  </suite> <!-- Default suite -->
</testng-results>
