<?xml version="1.0" encoding="UTF-8"?>
<testng-results ignored="0" total="1" passed="1" failed="0" skipped="0">
  <reporter-output>
  </reporter-output>
  <suite started-at="2023-08-24T15:44:39 IST" name="Default suite" finished-at="2023-08-24T15:44:39 IST" duration-ms="59">
    <groups>
    </groups>
    <test started-at="2023-08-24T15:44:39 IST" name="Default test" finished-at="2023-08-24T15:44:39 IST" duration-ms="59">
      <class name="learn_DSA.bigONotation.timeComplexity.Array">
        <test-method signature="test()[pri:0, instance:learn_DSA.bigONotation.timeComplexity.Array@f6efaab]" started-at="2023-08-24T15:44:39 IST" name="test" finished-at="2023-08-24T15:44:39 IST" duration-ms="12" status="PASS">
          <reporter-output>
          </reporter-output>
        </test-method> <!-- test -->
      </class> <!-- learn_DSA.bigONotation.timeComplexity.Array -->
    </test> <!-- Default test -->
  </suite> <!-- Default suite -->
</testng-results>
